2026-07-22 03:57:30 - ETL_Process - INFO - ============================================================
НАЧАЛО ETL-ПРОЦЕССА
============================================================
2026-07-22 03:57:30 - ETL_Process - INFO - Начало скачивания файлов
2026-07-22 03:57:30 - ETL_Process - INFO - Получение ссылок на файлы через Playwright
2026-07-22 03:57:42 - ETL_Process - INFO - Открыт сайт: https://kvin.ru/cable/
2026-07-22 03:57:42 - ETL_Process - INFO - Скачивание файла: https://kvin.ru/cable/price-list/Прайс 20.07.2026.xls
2026-07-22 03:57:43 - ETL_Process - INFO - Файл сохранён: temp/Прайс 20.07.2026.xls (59904 байт)
2026-07-22 03:57:43 - ETL_Process - INFO - Скачивание файла: https://kvin.ru/cable/sklad/Склад 21.07.2026.xls
2026-07-22 03:57:52 - ETL_Process - INFO - Файл сохранён: temp/Склад 21.07.2026.xls (184320 байт)
2026-07-22 03:57:52 - ETL_Process - INFO - Парсинг файла склада: temp/Склад 21.07.2026.xls
2026-07-22 03:57:52 - ETL_Process - INFO - Лист 'План поставок' определен как План поставок
2026-07-22 03:57:52 - ETL_Process - INFO - Склад: 429 уникальных номенклатур, 455 записей (включая план)
2026-07-22 03:57:52 - ETL_Process - INFO - Парсинг файла прайса: temp/Прайс 20.07.2026.xls
2026-07-22 03:57:52 - ETL_Process - INFO - Найдено строк-заголовков: 5
2026-07-22 03:57:52 - ETL_Process - INFO - Всего марок в прайсе: 22
2026-07-22 03:57:52 - ETL_Process - INFO - Начало сопоставления данных
2026-07-22 03:57:52 - ETL_Process - INFO - Сопоставление завершено. Найдено: 247, Не найдено: 208
2026-07-22 03:57:52 - ETL_Process - INFO - Сохранение основного результата в output/merged_price_warehouse_2026-07-22.xlsx
2026-07-22 03:57:52 - ETL_Process - INFO - Основной результат успешно сохранён. Всего строк: 455
2026-07-22 03:57:52 - ETL_Process - INFO - Сохранение отчета о ненайденных позициях в output/not_found_report_2026-07-22.xlsx
2026-07-22 03:57:52 - ETL_Process - INFO - Отчет успешно сохранён. Всего ненайденных строк: 208
2026-07-22 03:57:52 - ETL_Process - INFO - ============================================================
ETL-ПРОЦЕСС ЗАВЕРШЁН УСПЕШНО
============================================================
